#! /usr/bin/vvp
:ivl_version "10.1 (stable)";
:ivl_delay_selection "TYPICAL";
:vpi_time_precision - 12;
:vpi_module "system";
:vpi_module "vhdl_sys";
:vpi_module "v2005_math";
:vpi_module "va_math";
S_0x5620174359e0 .scope module, "mulsim" "mulsim" 2 2;
 .timescale -12 -12;
v0x562017456410_0 .var "clk", 0 0;
v0x5620174564d0_0 .net "res", 31 0, L_0x5620174667d0;  1 drivers
L_0x7fea4a64c060 .functor BUFT 1, C4<00111111001110011001100110011010>, C4<0>, C4<0>, C4<0>;
v0x562017456570_0 .net "v1", 31 0, L_0x7fea4a64c060;  1 drivers
L_0x7fea4a64c018 .functor BUFT 1, C4<00111010101000010011011111110100>, C4<0>, C4<0>, C4<0>;
v0x562017456670_0 .net "v2", 31 0, L_0x7fea4a64c018;  1 drivers
S_0x562017435b60 .scope module, "fmul" "float_mul" 2 11, 3 1 0, S_0x5620174359e0;
 .timescale 0 0;
    .port_info 0 /INPUT 1 "clk"
    .port_info 1 /INPUT 32 "v1"
    .port_info 2 /INPUT 32 "v2"
    .port_info 3 /OUTPUT 32 "vres"
L_0x5620174667d0 .functor BUFZ 32, v0x562017455940_0, C4<00000000000000000000000000000000>, C4<00000000000000000000000000000000>, C4<00000000000000000000000000000000>;
v0x562017435da0_0 .net "clk", 0 0, v0x562017456410_0;  1 drivers
v0x562017455860_0 .var "re", 7 0;
v0x562017455940_0 .var "res", 31 0;
v0x562017455a00_0 .var "ro", 0 0;
v0x562017455ac0_0 .var "rv", 47 0;
v0x562017455bf0_0 .net "v1", 31 0, L_0x7fea4a64c060;  alias, 1 drivers
v0x562017455cd0_0 .var "v1e", 7 0;
v0x562017455db0_0 .var "v1o", 0 0;
v0x562017455e70_0 .var "v1v", 23 0;
v0x562017455f50_0 .net "v2", 31 0, L_0x7fea4a64c018;  alias, 1 drivers
v0x562017456030_0 .var "v2e", 7 0;
v0x562017456110_0 .var "v2o", 0 0;
v0x5620174561d0_0 .var "v2v", 23 0;
v0x5620174562b0_0 .net "vres", 31 0, L_0x5620174667d0;  alias, 1 drivers
E_0x562017426550 .event posedge, v0x562017435da0_0;
    .scope S_0x562017435b60;
T_0 ;
    %wait E_0x562017426550;
    %load/vec4 v0x562017455bf0_0;
    %parti/s 8, 23, 6;
    %subi 127, 0, 8;
    %assign/vec4 v0x562017455cd0_0, 0;
    %load/vec4 v0x562017455f50_0;
    %parti/s 8, 23, 6;
    %subi 127, 0, 8;
    %assign/vec4 v0x562017456030_0, 0;
    %pushi/vec4 1, 0, 1;
    %load/vec4 v0x562017455bf0_0;
    %parti/s 23, 0, 2;
    %concat/vec4; draw_concat_vec4
    %assign/vec4 v0x562017455e70_0, 0;
    %pushi/vec4 1, 0, 1;
    %load/vec4 v0x562017455f50_0;
    %parti/s 23, 0, 2;
    %concat/vec4; draw_concat_vec4
    %assign/vec4 v0x5620174561d0_0, 0;
    %load/vec4 v0x562017455bf0_0;
    %parti/s 1, 31, 6;
    %assign/vec4 v0x562017455db0_0, 0;
    %load/vec4 v0x562017455f50_0;
    %parti/s 1, 31, 6;
    %assign/vec4 v0x562017456110_0, 0;
    %load/vec4 v0x562017455cd0_0;
    %load/vec4 v0x562017456030_0;
    %add;
    %assign/vec4 v0x562017455860_0, 0;
    %load/vec4 v0x562017455e70_0;
    %pad/u 48;
    %load/vec4 v0x5620174561d0_0;
    %pad/u 48;
    %mul;
    %assign/vec4 v0x562017455ac0_0, 0;
    %load/vec4 v0x562017455db0_0;
    %load/vec4 v0x562017456110_0;
    %xor;
    %assign/vec4 v0x562017455a00_0, 0;
    %load/vec4 v0x562017455ac0_0;
    %parti/s 1, 47, 7;
    %flag_set/vec4 8;
    %jmp/0xz  T_0.0, 8;
    %load/vec4 v0x562017455a00_0;
    %load/vec4 v0x562017455860_0;
    %addi 128, 0, 8;
    %concat/vec4; draw_concat_vec4
    %load/vec4 v0x562017455ac0_0;
    %parti/s 23, 24, 6;
    %pushi/vec4 0, 0, 22;
    %load/vec4 v0x562017455ac0_0;
    %parti/s 1, 23, 6;
    %concat/vec4; draw_concat_vec4
    %add;
    %concat/vec4; draw_concat_vec4
    %assign/vec4 v0x562017455940_0, 0;
    %jmp T_0.1;
T_0.0 ;
    %load/vec4 v0x562017455a00_0;
    %load/vec4 v0x562017455860_0;
    %addi 127, 0, 8;
    %concat/vec4; draw_concat_vec4
    %load/vec4 v0x562017455ac0_0;
    %parti/s 23, 23, 6;
    %pushi/vec4 0, 0, 22;
    %load/vec4 v0x562017455ac0_0;
    %parti/s 1, 22, 6;
    %concat/vec4; draw_concat_vec4
    %add;
    %concat/vec4; draw_concat_vec4
    %assign/vec4 v0x562017455940_0, 0;
T_0.1 ;
    %jmp T_0;
    .thread T_0;
    .scope S_0x5620174359e0;
T_1 ;
    %pushi/vec4 0, 0, 1;
    %store/vec4 v0x562017456410_0, 0, 1;
T_1.0 ;
    %delay 1, 0;
    %load/vec4 v0x562017456410_0;
    %inv;
    %store/vec4 v0x562017456410_0, 0, 1;
    %jmp T_1.0;
    %end;
    .thread T_1;
    .scope S_0x5620174359e0;
T_2 ;
    %vpi_call 2 25 "$dumpfile", "mulsim.vcd" {0 0 0};
    %vpi_call 2 26 "$dumpvars", 32'sb00000000000000000000000000000000, S_0x5620174359e0 {0 0 0};
    %vpi_call 2 27 "$monitor", "%t: clk = %b res = %h", $time, v0x562017456410_0, v0x5620174564d0_0 {0 0 0};
    %end;
    .thread T_2;
    .scope S_0x5620174359e0;
T_3 ;
    %delay 20, 0;
    %vpi_call 2 31 "$finish" {0 0 0};
    %end;
    .thread T_3;
# The file index is used to find the file name in the following table.
:file_names 4;
    "N/A";
    "<interactive>";
    "mulsim.v";
    "float_mul.sv";
